2020-02-26 09:31:38 === [main] === INFO  === com.atguigu.springboot.SpringBoot03LoggingApplicationTests ==== Starting SpringBoot03LoggingApplicationTests on Closer with PID 11564 (started by Closer in D:\IDEA\spring-boot\spring-boot-03-logging)
2020-02-26 09:31:38 === [main] === DEBUG === com.atguigu.springboot.SpringBoot03LoggingApplicationTests ==== Running with Spring Boot v2.2.2.RELEASE, Spring v5.2.2.RELEASE
2020-02-26 09:31:38 === [main] === INFO  === com.atguigu.springboot.SpringBoot03LoggingApplicationTests ==== No active profile set, falling back to default profiles: default
2020-02-26 09:31:39 === [main] === INFO  === org.springframework.scheduling.concurrent.ThreadPoolTaskExecutor ==== Initializing ExecutorService 'applicationTaskExecutor'
2020-02-26 09:31:39 === [main] === INFO  === com.atguigu.springboot.SpringBoot03LoggingApplicationTests ==== Started SpringBoot03LoggingApplicationTests in 1.587 seconds (JVM running for 3.531)
2020-02-26 09:31:40 === [main] === TRACE === com.atguigu.springboot.SpringBoot03LoggingApplicationTests ==== 这是trace日志...
2020-02-26 09:31:40 === [main] === DEBUG === com.atguigu.springboot.SpringBoot03LoggingApplicationTests ==== 这是debug日志...
2020-02-26 09:31:40 === [main] === INFO  === com.atguigu.springboot.SpringBoot03LoggingApplicationTests ==== 这是info日志...
2020-02-26 09:31:40 === [main] === WARN  === com.atguigu.springboot.SpringBoot03LoggingApplicationTests ==== 这是warn日志...
2020-02-26 09:31:40 === [main] === ERROR === com.atguigu.springboot.SpringBoot03LoggingApplicationTests ==== 这是error日志...
2020-02-26 09:31:40 === [SpringContextShutdownHook] === INFO  === org.springframework.scheduling.concurrent.ThreadPoolTaskExecutor ==== Shutting down ExecutorService 'applicationTaskExecutor'
2020-02-27 09:31:48 === [main] === INFO  === com.atguigu.springboot.SpringBoot03LoggingApplicationTests ==== Starting SpringBoot03LoggingApplicationTests on Closer with PID 9584 (started by Closer in D:\IDEA\spring-boot\spring-boot-03-logging)
2020-02-27 09:31:48 === [main] === DEBUG === com.atguigu.springboot.SpringBoot03LoggingApplicationTests ==== Running with Spring Boot v2.2.2.RELEASE, Spring v5.2.2.RELEASE
2020-02-27 09:31:48 === [main] === INFO  === com.atguigu.springboot.SpringBoot03LoggingApplicationTests ==== No active profile set, falling back to default profiles: default
2020-02-27 09:31:50 === [main] === INFO  === org.springframework.scheduling.concurrent.ThreadPoolTaskExecutor ==== Initializing ExecutorService 'applicationTaskExecutor'
2020-02-27 09:31:50 === [main] === INFO  === com.atguigu.springboot.SpringBoot03LoggingApplicationTests ==== Started SpringBoot03LoggingApplicationTests in 2.929 seconds (JVM running for 8.291)
2020-02-27 09:31:51 === [main] === TRACE === com.atguigu.springboot.SpringBoot03LoggingApplicationTests ==== 这是trace日志...
2020-02-27 09:31:51 === [main] === DEBUG === com.atguigu.springboot.SpringBoot03LoggingApplicationTests ==== 这是debug日志...
2020-02-27 09:31:51 === [main] === INFO  === com.atguigu.springboot.SpringBoot03LoggingApplicationTests ==== 这是info日志...
2020-02-27 09:31:51 === [main] === WARN  === com.atguigu.springboot.SpringBoot03LoggingApplicationTests ==== 这是warn日志...
2020-02-27 09:31:51 === [main] === ERROR === com.atguigu.springboot.SpringBoot03LoggingApplicationTests ==== 这是error日志...
2020-02-27 09:31:51 === [SpringContextShutdownHook] === INFO  === org.springframework.scheduling.concurrent.ThreadPoolTaskExecutor ==== Shutting down ExecutorService 'applicationTaskExecutor'
