2020-02-26 === [main] === INFO  === com.atguigu.springboot.SpringBoot03LoggingApplicationTests ==== Starting SpringBoot03LoggingApplicationTests on Closer with PID 3528 (started by Closer in D:\IDEA\spring-boot\spring-boot-03-logging)
2020-02-26 === [main] === DEBUG === com.atguigu.springboot.SpringBoot03LoggingApplicationTests ==== Running with Spring Boot v2.2.2.RELEASE, Spring v5.2.2.RELEASE
2020-02-26 === [main] === INFO  === com.atguigu.springboot.SpringBoot03LoggingApplicationTests ==== No active profile set, falling back to default profiles: default
2020-02-26 === [main] === INFO  === org.springframework.scheduling.concurrent.ThreadPoolTaskExecutor ==== Initializing ExecutorService 'applicationTaskExecutor'
2020-02-26 === [main] === INFO  === com.atguigu.springboot.SpringBoot03LoggingApplicationTests ==== Started SpringBoot03LoggingApplicationTests in 1.621 seconds (JVM running for 3.387)
2020-02-26 === [main] === TRACE === com.atguigu.springboot.SpringBoot03LoggingApplicationTests ==== 这是trace日志...
2020-02-26 === [main] === DEBUG === com.atguigu.springboot.SpringBoot03LoggingApplicationTests ==== 这是debug日志...
2020-02-26 === [main] === INFO  === com.atguigu.springboot.SpringBoot03LoggingApplicationTests ==== 这是info日志...
2020-02-26 === [main] === WARN  === com.atguigu.springboot.SpringBoot03LoggingApplicationTests ==== 这是warn日志...
2020-02-26 === [main] === ERROR === com.atguigu.springboot.SpringBoot03LoggingApplicationTests ==== 这是error日志...
2020-02-26 === [SpringContextShutdownHook] === INFO  === org.springframework.scheduling.concurrent.ThreadPoolTaskExecutor ==== Shutting down ExecutorService 'applicationTaskExecutor'
2020-02-26 09:11:41 === [main] === INFO  === com.atguigu.springboot.SpringBoot03LoggingApplicationTests ==== Starting SpringBoot03LoggingApplicationTests on Closer with PID 12960 (started by Closer in D:\IDEA\spring-boot\spring-boot-03-logging)
2020-02-26 09:11:41 === [main] === DEBUG === com.atguigu.springboot.SpringBoot03LoggingApplicationTests ==== Running with Spring Boot v2.2.2.RELEASE, Spring v5.2.2.RELEASE
2020-02-26 09:11:41 === [main] === INFO  === com.atguigu.springboot.SpringBoot03LoggingApplicationTests ==== No active profile set, falling back to default profiles: default
2020-02-26 09:11:42 === [main] === INFO  === org.springframework.scheduling.concurrent.ThreadPoolTaskExecutor ==== Initializing ExecutorService 'applicationTaskExecutor'
2020-02-26 09:11:42 === [main] === INFO  === com.atguigu.springboot.SpringBoot03LoggingApplicationTests ==== Started SpringBoot03LoggingApplicationTests in 1.63 seconds (JVM running for 3.429)
2020-02-26 09:11:42 === [main] === TRACE === com.atguigu.springboot.SpringBoot03LoggingApplicationTests ==== 这是trace日志...
2020-02-26 09:11:42 === [main] === DEBUG === com.atguigu.springboot.SpringBoot03LoggingApplicationTests ==== 这是debug日志...
2020-02-26 09:11:42 === [main] === INFO  === com.atguigu.springboot.SpringBoot03LoggingApplicationTests ==== 这是info日志...
2020-02-26 09:11:42 === [main] === WARN  === com.atguigu.springboot.SpringBoot03LoggingApplicationTests ==== 这是warn日志...
2020-02-26 09:11:42 === [main] === ERROR === com.atguigu.springboot.SpringBoot03LoggingApplicationTests ==== 这是error日志...
2020-02-26 09:11:43 === [SpringContextShutdownHook] === INFO  === org.springframework.scheduling.concurrent.ThreadPoolTaskExecutor ==== Shutting down ExecutorService 'applicationTaskExecutor'
