2020-02-27 09:39:20 === [main] === INFO  === com.atguigu.springboot.SpringBoot03LoggingApplicationTests ==== Starting SpringBoot03LoggingApplicationTests on Closer with PID 15056 (started by Closer in D:\IDEA\spring-boot\spring-boot-03-logging)
2020-02-27 09:39:20 === [main] === DEBUG === com.atguigu.springboot.SpringBoot03LoggingApplicationTests ==== Running with Spring Boot v2.2.2.RELEASE, Spring v5.2.2.RELEASE
2020-02-27 09:39:20 === [main] === INFO  === com.atguigu.springboot.SpringBoot03LoggingApplicationTests ==== No active profile set, falling back to default profiles: default
2020-02-27 09:39:21 === [main] === INFO  === org.springframework.scheduling.concurrent.ThreadPoolTaskExecutor ==== Initializing ExecutorService 'applicationTaskExecutor'
2020-02-27 09:39:21 === [main] === INFO  === com.atguigu.springboot.SpringBoot03LoggingApplicationTests ==== Started SpringBoot03LoggingApplicationTests in 1.695 seconds (JVM running for 3.53)
2020-02-27 09:39:21 === [main] === TRACE === com.atguigu.springboot.SpringBoot03LoggingApplicationTests ==== 这是trace日志...
2020-02-27 09:39:21 === [main] === DEBUG === com.atguigu.springboot.SpringBoot03LoggingApplicationTests ==== 这是debug日志...
2020-02-27 09:39:21 === [main] === INFO  === com.atguigu.springboot.SpringBoot03LoggingApplicationTests ==== 这是info日志...
2020-02-27 09:39:21 === [main] === WARN  === com.atguigu.springboot.SpringBoot03LoggingApplicationTests ==== 这是warn日志...
2020-02-27 09:39:21 === [main] === ERROR === com.atguigu.springboot.SpringBoot03LoggingApplicationTests ==== 这是error日志...
2020-02-27 09:39:21 === [SpringContextShutdownHook] === INFO  === org.springframework.scheduling.concurrent.ThreadPoolTaskExecutor ==== Shutting down ExecutorService 'applicationTaskExecutor'
2020-02-27 09:44:47 === [main] === INFO  === com.atguigu.springboot.SpringBoot03LoggingApplicationTests ==== Starting SpringBoot03LoggingApplicationTests on Closer with PID 11916 (started by Closer in D:\IDEA\spring-boot\spring-boot-03-logging)
2020-02-27 09:44:47 === [main] === DEBUG === com.atguigu.springboot.SpringBoot03LoggingApplicationTests ==== Running with Spring Boot v2.2.2.RELEASE, Spring v5.2.2.RELEASE
2020-02-27 09:44:47 === [main] === INFO  === com.atguigu.springboot.SpringBoot03LoggingApplicationTests ==== No active profile set, falling back to default profiles: default
2020-02-27 09:44:48 === [main] === INFO  === org.springframework.scheduling.concurrent.ThreadPoolTaskExecutor ==== Initializing ExecutorService 'applicationTaskExecutor'
2020-02-27 09:44:49 === [main] === INFO  === com.atguigu.springboot.SpringBoot03LoggingApplicationTests ==== Started SpringBoot03LoggingApplicationTests in 1.613 seconds (JVM running for 3.267)
2020-02-27 09:44:49 === [main] === TRACE === com.atguigu.springboot.SpringBoot03LoggingApplicationTests ==== 这是trace日志...
2020-02-27 09:44:49 === [main] === DEBUG === com.atguigu.springboot.SpringBoot03LoggingApplicationTests ==== 这是debug日志...
2020-02-27 09:44:49 === [main] === INFO  === com.atguigu.springboot.SpringBoot03LoggingApplicationTests ==== 这是info日志...
2020-02-27 09:44:49 === [main] === WARN  === com.atguigu.springboot.SpringBoot03LoggingApplicationTests ==== 这是warn日志...
2020-02-27 09:44:49 === [main] === ERROR === com.atguigu.springboot.SpringBoot03LoggingApplicationTests ==== 这是error日志...
2020-02-27 09:44:49 === [SpringContextShutdownHook] === INFO  === org.springframework.scheduling.concurrent.ThreadPoolTaskExecutor ==== Shutting down ExecutorService 'applicationTaskExecutor'
